trying URL 'http://cran.cnr.berkeley.edu/src/contrib/BARD_1.18.1.tar.gz'
Content type 'application/x-gzip' length 6332393 bytes (6.0 Mb)
opened URL
==================================================
downloaded 6.0 Mb

* installing *source* package ‘BARD’ ...
** libs
g++ -I/usr/lib64/R/include  -I/usr/local/include   -DLDOUBLE  -fpic  -fmessage-length=0 -O2 -Wall -D_FORTIFY_SOURCE=2 -fstack-protector -funwind-tables -fasynchronous-unwind-tables -c R_miniball.cc -o R_miniball.o
gcc -std=gnu99 -I/usr/lib64/R/include  -I/usr/local/include   -DLDOUBLE -fpic  -fmessage-length=0 -O2 -Wall -D_FORTIFY_SOURCE=2 -fstack-protector -funwind-tables -fasynchronous-unwind-tables -c components.c -o components.o
g++ -shared -L/usr/local/lib64 -o BARD.so R_miniball.o components.o -L/usr/lib64/R/lib -lR
installing to /usr/lib64/R/library/BARD/libs
** R
** data
** demo
** inst
** preparing package for lazy loading
** help
*** installing help indices
** building package indices ...
** testing if installed package can be loaded
deldir 0.0-13 

     Please note: The process for determining duplicated points
     has changed from that used in version 0.0-9 (and previously).


To cite the BARD package in publications use:

  Altman, M., M.P. McDonald (2010) BARD: Better Automated Redistricting
  (version 1.18), Journal of Statistical Software: Forthcoming.

A BibTeX entry for LaTeX users is

  @Article{,
    title = {BARD: Better Automated Redistricting},
    author = {M. Altman and M.P. McDonald},
    howpublished = {software},
    year = {2010},
    note = {Software: R Package, BARD, (version 1.18) },
    journal = {Journal of Statistical Software},
    volume = {Forthcoming},
    url = {http://bard.sf.net/},
  }


* DONE (BARD)

The downloaded packages are in
	‘/tmp/RtmpoD6EQL/downloaded_packages’
Updating HTML index of packages in '.Library'
